  Determining projects to restore...
  All projects are up-to-date for restore.
C:\Users\USER\source\repos\audiobook tts project\TtsPipeline\GeminiTtsService.cs(54,31): error CS1503: Argument 2: cannot convert from 'Google.GenAI.Types.Content[]' to 'System.Collections.Generic.List<Google.GenAI.Types.Content>' [C:\Users\USER\source\repos\audiobook tts project\TtsPipeline\TtsPipeline.csproj]
C:\Users\USER\source\repos\audiobook tts project\TtsPipeline\GeminiTtsService.cs(71,79): error CS1061: 'byte[]' does not contain a definition for 'Span' and no accessible extension method 'Span' accepting a first argument of type 'byte[]' could be found (are you missing a using directive or an assembly reference?) [C:\Users\USER\source\repos\audiobook tts project\TtsPipeline\TtsPipeline.csproj]

Build FAILED.

C:\Users\USER\source\repos\audiobook tts project\TtsPipeline\GeminiTtsService.cs(54,31): error CS1503: Argument 2: cannot convert from 'Google.GenAI.Types.Content[]' to 'System.Collections.Generic.List<Google.GenAI.Types.Content>' [C:\Users\USER\source\repos\audiobook tts project\TtsPipeline\TtsPipeline.csproj]
C:\Users\USER\source\repos\audiobook tts project\TtsPipeline\GeminiTtsService.cs(71,79): error CS1061: 'byte[]' does not contain a definition for 'Span' and no accessible extension method 'Span' accepting a first argument of type 'byte[]' could be found (are you missing a using directive or an assembly reference?) [C:\Users\USER\source\repos\audiobook tts project\TtsPipeline\TtsPipeline.csproj]
    0 Warning(s)
    2 Error(s)

Time Elapsed 00:00:01.52
